<?xml version="1.0" encoding="UTF-8"?>
<testng-results ignored="0" total="0" passed="0" failed="0" skipped="0">
  <reporter-output>
  </reporter-output>
  <suite started-at="2024-10-11T11:36:34 CEST" name="Suite" finished-at="2024-10-11T11:36:34 CEST" duration-ms="0">
    <groups>
      <group name="Purchase">
        <method signature="LoginTestOrders.SubmitOrder(java.util.HashMap)[pri:0, instance:formation.tests.LoginTestOrders@1349883]" name="SubmitOrder" class="formation.tests.LoginTestOrders"/>
      </group> <!-- Purchase -->
      <group name="ErrorHandling">
        <method signature="ErrorValidationsTest.LoginErrorValidation()[pri:0, instance:formation.tests.ErrorValidationsTest@5677323c]" name="LoginErrorValidation" class="formation.tests.ErrorValidationsTest"/>
      </group> <!-- ErrorHandling -->
    </groups>
  </suite> <!-- Suite -->
</testng-results>
